<?xml version="1.0" encoding="UTF-8"?>
<!-- Generated by org.testng.reporters.JUnitReportReporter -->
<testsuite hostname="IT-PF2ZZQSP" failures="0" tests="4" name="apiPackage.ApiTest" time="5.403" errors="0" timestamp="2022-05-30T09:45:43 EET" skipped="0">
  <testcase classname="apiPackage.ApiTest" name="testStatusCodeGetAll" time="4.624"/>
  <system-out/>
  <testcase classname="apiPackage.ApiTest" name="testStatusCodeGetByValidLocation" time="0.036"/>
  <system-out/>
  <testcase classname="apiPackage.ApiTest" name="testStatusCodeGetByInvalidLocation" time="0.203"/>
  <system-out/>
  <testcase classname="apiPackage.ApiTest" name="testStatusCodePostLocation" time="0.540"/>
  <system-out/>
</testsuite> <!-- apiPackage.ApiTest -->
