<?xml version="1.0" encoding="UTF-8"?>
<!-- Generated by org.testng.reporters.JUnitReportReporter -->
<testsuite skipped="0" hostname="IT-PF2ZZQSP" name="runner.Runner" tests="3" failures="0" timestamp="2022-05-30T10:38:51 EET" time="113.907" errors="0">
  <testcase name="runScenario" time="57.335" classname="runner.Runner"/>
  <system-out/>
  <testcase name="runScenario" time="29.717" classname="runner.Runner"/>
  <system-out/>
  <testcase name="runScenario" time="26.855" classname="runner.Runner"/>
  <system-out/>
</testsuite> <!-- runner.Runner -->
