<?xml version="1.0" encoding="UTF-8"?>
<!-- Generated by org.testng.reporters.JUnitReportReporter -->
<testsuite skipped="0" hostname="IT-PF2ZZQSP" name="apiPackage.ApiTest" tests="4" failures="0" timestamp="2022-05-30T10:52:24 EET" time="3.448" errors="0">
  <testcase name="testStatusCodePostLocation" time="0.187" classname="apiPackage.ApiTest"/>
  <system-out/>
  <testcase name="testStatusCodeGetAll" time="2.965" classname="apiPackage.ApiTest"/>
  <system-out/>
  <testcase name="testStatusCodeGetByInvalidLocation" time="0.262" classname="apiPackage.ApiTest"/>
  <system-out/>
  <testcase name="testStatusCodeGetByValidLocation" time="0.034" classname="apiPackage.ApiTest"/>
  <system-out/>
</testsuite> <!-- apiPackage.ApiTest -->
